mode: atomic
github.com/watup-lk/identity-service/internal/config/config.go:26.21,40.32 2 3
github.com/watup-lk/identity-service/internal/config/config.go:40.32,42.3 1 0
github.com/watup-lk/identity-service/internal/config/config.go:44.2,44.12 1 3
github.com/watup-lk/identity-service/internal/config/config.go:49.37,51.16 2 0
github.com/watup-lk/identity-service/internal/config/config.go:51.16,54.3 2 0
github.com/watup-lk/identity-service/internal/config/config.go:56.2,57.16 2 0
github.com/watup-lk/identity-service/internal/config/config.go:57.16,60.3 2 0
github.com/watup-lk/identity-service/internal/config/config.go:62.2,64.82 2 0
github.com/watup-lk/identity-service/internal/config/config.go:64.82,67.3 2 0
github.com/watup-lk/identity-service/internal/config/config.go:67.8,69.3 1 0
github.com/watup-lk/identity-service/internal/config/config.go:71.2,71.82 1 0
github.com/watup-lk/identity-service/internal/config/config.go:71.82,74.3 2 0
github.com/watup-lk/identity-service/internal/config/config.go:74.8,76.3 1 0
github.com/watup-lk/identity-service/internal/config/config.go:79.42,80.36 1 21
github.com/watup-lk/identity-service/internal/config/config.go:80.36,82.3 1 6
github.com/watup-lk/identity-service/internal/config/config.go:83.2,83.17 1 15
github.com/watup-lk/identity-service/internal/config/config.go:86.46,87.36 1 6
github.com/watup-lk/identity-service/internal/config/config.go:87.36,88.44 1 3
github.com/watup-lk/identity-service/internal/config/config.go:88.44,90.4 1 2
github.com/watup-lk/identity-service/internal/config/config.go:92.2,92.17 1 4
github.com/watup-lk/identity-service/internal/grpcserver/server.go:23.70,25.2 1 0
github.com/watup-lk/identity-service/internal/grpcserver/server.go:28.126,29.21 1 0
github.com/watup-lk/identity-service/internal/grpcserver/server.go:29.21,31.3 1 0
github.com/watup-lk/identity-service/internal/grpcserver/server.go:33.2,34.16 2 0
github.com/watup-lk/identity-service/internal/grpcserver/server.go:34.16,40.3 2 0
github.com/watup-lk/identity-service/internal/grpcserver/server.go:42.2,45.8 1 0
github.com/watup-lk/identity-service/internal/grpcserver/server.go:50.108,51.22 1 0
github.com/watup-lk/identity-service/internal/grpcserver/server.go:51.22,53.3 1 0
github.com/watup-lk/identity-service/internal/grpcserver/server.go:55.2,56.16 2 0
github.com/watup-lk/identity-service/internal/grpcserver/server.go:56.16,57.36 1 0
github.com/watup-lk/identity-service/internal/grpcserver/server.go:57.36,59.4 1 0
github.com/watup-lk/identity-service/internal/grpcserver/server.go:60.3,60.67 1 0
github.com/watup-lk/identity-service/internal/grpcserver/server.go:63.2,67.8 1 0
github.com/watup-lk/identity-service/internal/handlers/auth.go:19.41,20.17 1 0
github.com/watup-lk/identity-service/internal/handlers/auth.go:20.17,22.3 1 0
github.com/watup-lk/identity-service/internal/handlers/auth.go:23.2,23.36 1 0
github.com/watup-lk/identity-service/internal/handlers/auth.go:23.36,25.3 1 0
github.com/watup-lk/identity-service/internal/handlers/auth.go:26.2,26.11 1 0
github.com/watup-lk/identity-service/internal/handlers/auth.go:31.47,32.23 1 0
github.com/watup-lk/identity-service/internal/handlers/auth.go:32.23,34.3 1 0
github.com/watup-lk/identity-service/internal/handlers/auth.go:35.2,36.29 2 0
github.com/watup-lk/identity-service/internal/handlers/auth.go:36.29,37.26 1 0
github.com/watup-lk/identity-service/internal/handlers/auth.go:37.26,39.4 1 0
github.com/watup-lk/identity-service/internal/handlers/auth.go:40.3,40.25 1 0
github.com/watup-lk/identity-service/internal/handlers/auth.go:40.25,42.4 1 0
github.com/watup-lk/identity-service/internal/handlers/auth.go:44.2,44.29 1 0
github.com/watup-lk/identity-service/internal/handlers/auth.go:44.29,46.3 1 0
github.com/watup-lk/identity-service/internal/handlers/auth.go:47.2,47.11 1 0
github.com/watup-lk/identity-service/internal/handlers/auth.go:55.64,57.2 1 0
github.com/watup-lk/identity-service/internal/handlers/auth.go:104.70,106.61 2 0
github.com/watup-lk/identity-service/internal/handlers/auth.go:106.61,109.3 2 0
github.com/watup-lk/identity-service/internal/handlers/auth.go:111.2,112.20 2 0
github.com/watup-lk/identity-service/internal/handlers/auth.go:112.20,115.3 2 0
github.com/watup-lk/identity-service/internal/handlers/auth.go:116.2,116.48 1 0
github.com/watup-lk/identity-service/internal/handlers/auth.go:116.48,119.3 2 0
github.com/watup-lk/identity-service/internal/handlers/auth.go:120.2,120.54 1 0
github.com/watup-lk/identity-service/internal/handlers/auth.go:120.54,123.3 2 0
github.com/watup-lk/identity-service/internal/handlers/auth.go:124.2,124.57 1 0
github.com/watup-lk/identity-service/internal/handlers/auth.go:124.57,127.3 2 0
github.com/watup-lk/identity-service/internal/handlers/auth.go:129.2,130.16 2 0
github.com/watup-lk/identity-service/internal/handlers/auth.go:130.16,131.51 1 0
github.com/watup-lk/identity-service/internal/handlers/auth.go:131.51,134.4 2 0
github.com/watup-lk/identity-service/internal/handlers/auth.go:135.3,136.9 2 0
github.com/watup-lk/identity-service/internal/handlers/auth.go:139.2,139.73 1 0
github.com/watup-lk/identity-service/internal/handlers/auth.go:145.69,147.61 2 0
github.com/watup-lk/identity-service/internal/handlers/auth.go:147.61,150.3 2 0
github.com/watup-lk/identity-service/internal/handlers/auth.go:152.2,153.16 2 0
github.com/watup-lk/identity-service/internal/handlers/auth.go:153.16,154.98 1 0
github.com/watup-lk/identity-service/internal/handlers/auth.go:154.98,157.4 2 0
github.com/watup-lk/identity-service/internal/handlers/auth.go:158.3,159.9 2 0
github.com/watup-lk/identity-service/internal/handlers/auth.go:162.2,166.4 1 0
github.com/watup-lk/identity-service/internal/handlers/auth.go:172.71,174.61 2 0
github.com/watup-lk/identity-service/internal/handlers/auth.go:174.61,177.3 2 0
github.com/watup-lk/identity-service/internal/handlers/auth.go:178.2,178.28 1 0
github.com/watup-lk/identity-service/internal/handlers/auth.go:178.28,181.3 2 0
github.com/watup-lk/identity-service/internal/handlers/auth.go:183.2,184.16 2 0
github.com/watup-lk/identity-service/internal/handlers/auth.go:184.16,185.46 1 0
github.com/watup-lk/identity-service/internal/handlers/auth.go:185.46,188.4 2 0
github.com/watup-lk/identity-service/internal/handlers/auth.go:189.3,190.9 2 0
github.com/watup-lk/identity-service/internal/handlers/auth.go:193.2,197.4 1 0
github.com/watup-lk/identity-service/internal/handlers/auth.go:203.70,205.61 2 0
github.com/watup-lk/identity-service/internal/handlers/auth.go:205.61,208.3 2 0
github.com/watup-lk/identity-service/internal/handlers/auth.go:209.2,209.28 1 0
github.com/watup-lk/identity-service/internal/handlers/auth.go:209.28,212.3 2 0
github.com/watup-lk/identity-service/internal/handlers/auth.go:214.2,214.81 1 0
github.com/watup-lk/identity-service/internal/handlers/auth.go:214.81,217.3 2 0
github.com/watup-lk/identity-service/internal/handlers/auth.go:219.2,219.37 1 0
github.com/watup-lk/identity-service/internal/handlers/auth.go:226.77,228.23 2 0
github.com/watup-lk/identity-service/internal/handlers/auth.go:228.23,231.3 2 0
github.com/watup-lk/identity-service/internal/handlers/auth.go:233.2,234.16 2 0
github.com/watup-lk/identity-service/internal/handlers/auth.go:234.16,237.3 2 0
github.com/watup-lk/identity-service/internal/handlers/auth.go:239.2,239.63 1 0
github.com/watup-lk/identity-service/internal/handlers/auth.go:246.39,247.47 1 0
github.com/watup-lk/identity-service/internal/handlers/auth.go:247.47,249.3 1 0
github.com/watup-lk/identity-service/internal/handlers/auth.go:250.2,250.53 1 0
github.com/watup-lk/identity-service/internal/handlers/auth.go:250.53,253.3 1 0
github.com/watup-lk/identity-service/internal/handlers/auth.go:254.2,255.16 2 0
github.com/watup-lk/identity-service/internal/handlers/auth.go:255.16,257.3 1 0
github.com/watup-lk/identity-service/internal/handlers/auth.go:258.2,258.11 1 0
github.com/watup-lk/identity-service/internal/handlers/auth.go:261.49,263.41 2 0
github.com/watup-lk/identity-service/internal/handlers/auth.go:263.41,265.3 1 0
github.com/watup-lk/identity-service/internal/handlers/auth.go:266.2,266.44 1 0
github.com/watup-lk/identity-service/internal/handlers/auth.go:269.58,273.2 3 0
github.com/watup-lk/identity-service/internal/handlers/auth.go:275.64,277.2 1 0
github.com/watup-lk/identity-service/internal/handlers/health.go:19.49,21.2 1 0
github.com/watup-lk/identity-service/internal/handlers/health.go:26.74,28.2 1 0
github.com/watup-lk/identity-service/internal/handlers/health.go:35.75,36.47 1 0
github.com/watup-lk/identity-service/internal/handlers/health.go:36.47,42.3 2 0
github.com/watup-lk/identity-service/internal/handlers/health.go:43.2,43.67 1 0
github.com/watup-lk/identity-service/internal/middleware/metrics.go:36.46,37.71 1 0
github.com/watup-lk/identity-service/internal/middleware/metrics.go:37.71,39.31 1 0
github.com/watup-lk/identity-service/internal/middleware/metrics.go:39.31,42.4 2 0
github.com/watup-lk/identity-service/internal/middleware/metrics.go:44.3,57.72 10 0
github.com/watup-lk/identity-service/internal/middleware/metrics.go:63.37,64.11 1 0
github.com/watup-lk/identity-service/internal/middleware/metrics.go:66.47,67.11 1 0
github.com/watup-lk/identity-service/internal/middleware/metrics.go:68.10,69.18 1 0
github.com/watup-lk/identity-service/internal/middleware/middleware.go:14.89,15.45 1 0
github.com/watup-lk/identity-service/internal/middleware/middleware.go:15.45,17.3 1 0
github.com/watup-lk/identity-service/internal/middleware/middleware.go:18.2,18.10 1 0
github.com/watup-lk/identity-service/internal/middleware/middleware.go:25.54,26.71 1 0
github.com/watup-lk/identity-service/internal/middleware/middleware.go:26.71,46.3 10 0
github.com/watup-lk/identity-service/internal/middleware/middleware.go:57.49,60.2 2 0
github.com/watup-lk/identity-service/internal/middleware/middleware.go:64.52,65.71 1 0
github.com/watup-lk/identity-service/internal/middleware/middleware.go:65.71,78.3 4 0
github.com/watup-lk/identity-service/internal/middleware/middleware.go:100.58,108.2 3 0
github.com/watup-lk/identity-service/internal/middleware/middleware.go:110.46,116.9 5 0
github.com/watup-lk/identity-service/internal/middleware/middleware.go:116.9,124.3 2 0
github.com/watup-lk/identity-service/internal/middleware/middleware.go:127.2,131.18 4 0
github.com/watup-lk/identity-service/internal/middleware/middleware.go:131.18,133.3 1 0
github.com/watup-lk/identity-service/internal/middleware/middleware.go:134.2,135.13 2 0
github.com/watup-lk/identity-service/internal/middleware/middleware.go:139.34,142.21 3 0
github.com/watup-lk/identity-service/internal/middleware/middleware.go:142.21,144.34 2 0
github.com/watup-lk/identity-service/internal/middleware/middleware.go:144.34,145.47 1 0
github.com/watup-lk/identity-service/internal/middleware/middleware.go:145.47,147.5 1 0
github.com/watup-lk/identity-service/internal/middleware/middleware.go:149.3,149.17 1 0
github.com/watup-lk/identity-service/internal/middleware/middleware.go:155.62,156.71 1 0
github.com/watup-lk/identity-service/internal/middleware/middleware.go:156.71,158.17 2 0
github.com/watup-lk/identity-service/internal/middleware/middleware.go:158.17,160.4 1 0
github.com/watup-lk/identity-service/internal/middleware/middleware.go:162.3,162.62 1 0
github.com/watup-lk/identity-service/internal/middleware/middleware.go:162.62,164.4 1 0
github.com/watup-lk/identity-service/internal/middleware/middleware.go:166.3,166.20 1 0
github.com/watup-lk/identity-service/internal/middleware/middleware.go:166.20,170.4 3 0
github.com/watup-lk/identity-service/internal/middleware/middleware.go:171.3,171.23 1 0
github.com/watup-lk/identity-service/internal/middleware/middleware.go:179.43,180.71 1 0
github.com/watup-lk/identity-service/internal/middleware/middleware.go:180.71,182.19 2 0
github.com/watup-lk/identity-service/internal/middleware/middleware.go:182.19,185.4 2 0
github.com/watup-lk/identity-service/internal/middleware/middleware.go:187.3,195.37 7 0
github.com/watup-lk/identity-service/internal/middleware/middleware.go:195.37,198.4 2 0
github.com/watup-lk/identity-service/internal/middleware/middleware.go:200.3,200.23 1 0
github.com/watup-lk/identity-service/internal/service/identity_service.go:53.91,55.2 1 0
github.com/watup-lk/identity-service/internal/service/identity_service.go:58.128,60.16 2 0
github.com/watup-lk/identity-service/internal/service/identity_service.go:60.16,62.3 1 0
github.com/watup-lk/identity-service/internal/service/identity_service.go:63.2,63.12 1 0
github.com/watup-lk/identity-service/internal/service/identity_service.go:63.12,65.3 1 0
github.com/watup-lk/identity-service/internal/service/identity_service.go:67.2,68.16 2 0
github.com/watup-lk/identity-service/internal/service/identity_service.go:68.16,70.3 1 0
github.com/watup-lk/identity-service/internal/service/identity_service.go:72.2,73.87 2 0
github.com/watup-lk/identity-service/internal/service/identity_service.go:73.87,75.3 1 0
github.com/watup-lk/identity-service/internal/service/identity_service.go:78.2,81.43 3 0
github.com/watup-lk/identity-service/internal/service/identity_service.go:85.108,87.16 2 0
github.com/watup-lk/identity-service/internal/service/identity_service.go:87.16,91.3 2 0
github.com/watup-lk/identity-service/internal/service/identity_service.go:93.2,93.20 1 0
github.com/watup-lk/identity-service/internal/service/identity_service.go:93.20,96.3 2 0
github.com/watup-lk/identity-service/internal/service/identity_service.go:98.2,98.99 1 0
github.com/watup-lk/identity-service/internal/service/identity_service.go:98.99,101.3 2 0
github.com/watup-lk/identity-service/internal/service/identity_service.go:103.2,104.16 2 0
github.com/watup-lk/identity-service/internal/service/identity_service.go:104.16,106.3 1 0
github.com/watup-lk/identity-service/internal/service/identity_service.go:108.2,111.18 3 0
github.com/watup-lk/identity-service/internal/service/identity_service.go:115.110,119.16 3 0
github.com/watup-lk/identity-service/internal/service/identity_service.go:119.16,121.3 1 0
github.com/watup-lk/identity-service/internal/service/identity_service.go:122.2,122.58 1 0
github.com/watup-lk/identity-service/internal/service/identity_service.go:122.58,124.3 1 0
github.com/watup-lk/identity-service/internal/service/identity_service.go:127.2,127.66 1 0
github.com/watup-lk/identity-service/internal/service/identity_service.go:127.66,129.3 1 0
github.com/watup-lk/identity-service/internal/service/identity_service.go:131.2,132.16 2 0
github.com/watup-lk/identity-service/internal/service/identity_service.go:132.16,134.3 1 0
github.com/watup-lk/identity-service/internal/service/identity_service.go:136.2,139.18 3 0
github.com/watup-lk/identity-service/internal/service/identity_service.go:143.95,148.66 3 0
github.com/watup-lk/identity-service/internal/service/identity_service.go:148.66,150.3 1 0
github.com/watup-lk/identity-service/internal/service/identity_service.go:152.2,152.19 1 0
github.com/watup-lk/identity-service/internal/service/identity_service.go:152.19,155.3 2 0
github.com/watup-lk/identity-service/internal/service/identity_service.go:157.2,157.12 1 0
github.com/watup-lk/identity-service/internal/service/identity_service.go:161.102,163.97 2 0
github.com/watup-lk/identity-service/internal/service/identity_service.go:163.97,164.54 1 0
github.com/watup-lk/identity-service/internal/service/identity_service.go:164.54,166.4 1 0
github.com/watup-lk/identity-service/internal/service/identity_service.go:167.3,167.38 1 0
github.com/watup-lk/identity-service/internal/service/identity_service.go:169.2,169.32 1 0
github.com/watup-lk/identity-service/internal/service/identity_service.go:169.32,171.3 1 0
github.com/watup-lk/identity-service/internal/service/identity_service.go:172.2,172.27 1 0
github.com/watup-lk/identity-service/internal/service/identity_service.go:176.101,178.2 1 0
github.com/watup-lk/identity-service/internal/service/identity_service.go:181.101,197.16 4 0
github.com/watup-lk/identity-service/internal/service/identity_service.go:197.16,199.3 1 0
github.com/watup-lk/identity-service/internal/service/identity_service.go:202.2,211.16 3 0
github.com/watup-lk/identity-service/internal/service/identity_service.go:211.16,213.3 1 0
github.com/watup-lk/identity-service/internal/service/identity_service.go:215.2,219.8 1 0
github.com/watup-lk/identity-service/internal/service/identity_service.go:223.37,226.2 2 0
github.com/watup-lk/identity-service/internal/service/identity_service.go:229.94,232.90 3 0
github.com/watup-lk/identity-service/internal/service/identity_service.go:232.90,234.3 1 0
github.com/watup-lk/identity-service/internal/config/config.go:26.21,40.32 2 0
github.com/watup-lk/identity-service/internal/config/config.go:40.32,42.3 1 0
github.com/watup-lk/identity-service/internal/config/config.go:44.2,44.12 1 0
github.com/watup-lk/identity-service/internal/config/config.go:49.37,51.16 2 0
github.com/watup-lk/identity-service/internal/config/config.go:51.16,54.3 2 0
github.com/watup-lk/identity-service/internal/config/config.go:56.2,57.16 2 0
github.com/watup-lk/identity-service/internal/config/config.go:57.16,60.3 2 0
github.com/watup-lk/identity-service/internal/config/config.go:62.2,64.82 2 0
github.com/watup-lk/identity-service/internal/config/config.go:64.82,67.3 2 0
github.com/watup-lk/identity-service/internal/config/config.go:67.8,69.3 1 0
github.com/watup-lk/identity-service/internal/config/config.go:71.2,71.82 1 0
github.com/watup-lk/identity-service/internal/config/config.go:71.82,74.3 2 0
github.com/watup-lk/identity-service/internal/config/config.go:74.8,76.3 1 0
github.com/watup-lk/identity-service/internal/config/config.go:79.42,80.36 1 0
github.com/watup-lk/identity-service/internal/config/config.go:80.36,82.3 1 0
github.com/watup-lk/identity-service/internal/config/config.go:83.2,83.17 1 0
github.com/watup-lk/identity-service/internal/config/config.go:86.46,87.36 1 0
github.com/watup-lk/identity-service/internal/config/config.go:87.36,88.44 1 0
github.com/watup-lk/identity-service/internal/config/config.go:88.44,90.4 1 0
github.com/watup-lk/identity-service/internal/config/config.go:92.2,92.17 1 0
github.com/watup-lk/identity-service/internal/grpcserver/server.go:23.70,25.2 1 6
github.com/watup-lk/identity-service/internal/grpcserver/server.go:28.126,29.21 1 3
github.com/watup-lk/identity-service/internal/grpcserver/server.go:29.21,31.3 1 1
github.com/watup-lk/identity-service/internal/grpcserver/server.go:33.2,34.16 2 2
github.com/watup-lk/identity-service/internal/grpcserver/server.go:34.16,40.3 2 1
github.com/watup-lk/identity-service/internal/grpcserver/server.go:42.2,45.8 1 1
github.com/watup-lk/identity-service/internal/grpcserver/server.go:50.108,51.22 1 3
github.com/watup-lk/identity-service/internal/grpcserver/server.go:51.22,53.3 1 1
github.com/watup-lk/identity-service/internal/grpcserver/server.go:55.2,56.16 2 2
github.com/watup-lk/identity-service/internal/grpcserver/server.go:56.16,57.36 1 1
github.com/watup-lk/identity-service/internal/grpcserver/server.go:57.36,59.4 1 1
github.com/watup-lk/identity-service/internal/grpcserver/server.go:60.3,60.67 1 0
github.com/watup-lk/identity-service/internal/grpcserver/server.go:63.2,67.8 1 1
github.com/watup-lk/identity-service/internal/handlers/auth.go:19.41,20.17 1 0
github.com/watup-lk/identity-service/internal/handlers/auth.go:20.17,22.3 1 0
github.com/watup-lk/identity-service/internal/handlers/auth.go:23.2,23.36 1 0
github.com/watup-lk/identity-service/internal/handlers/auth.go:23.36,25.3 1 0
github.com/watup-lk/identity-service/internal/handlers/auth.go:26.2,26.11 1 0
github.com/watup-lk/identity-service/internal/handlers/auth.go:31.47,32.23 1 0
github.com/watup-lk/identity-service/internal/handlers/auth.go:32.23,34.3 1 0
github.com/watup-lk/identity-service/internal/handlers/auth.go:35.2,36.29 2 0
github.com/watup-lk/identity-service/internal/handlers/auth.go:36.29,37.26 1 0
github.com/watup-lk/identity-service/internal/handlers/auth.go:37.26,39.4 1 0
github.com/watup-lk/identity-service/internal/handlers/auth.go:40.3,40.25 1 0
github.com/watup-lk/identity-service/internal/handlers/auth.go:40.25,42.4 1 0
github.com/watup-lk/identity-service/internal/handlers/auth.go:44.2,44.29 1 0
github.com/watup-lk/identity-service/internal/handlers/auth.go:44.29,46.3 1 0
github.com/watup-lk/identity-service/internal/handlers/auth.go:47.2,47.11 1 0
github.com/watup-lk/identity-service/internal/handlers/auth.go:55.64,57.2 1 0
github.com/watup-lk/identity-service/internal/handlers/auth.go:104.70,106.61 2 0
github.com/watup-lk/identity-service/internal/handlers/auth.go:106.61,109.3 2 0
github.com/watup-lk/identity-service/internal/handlers/auth.go:111.2,112.20 2 0
github.com/watup-lk/identity-service/internal/handlers/auth.go:112.20,115.3 2 0
github.com/watup-lk/identity-service/internal/handlers/auth.go:116.2,116.48 1 0
github.com/watup-lk/identity-service/internal/handlers/auth.go:116.48,119.3 2 0
github.com/watup-lk/identity-service/internal/handlers/auth.go:120.2,120.54 1 0
github.com/watup-lk/identity-service/internal/handlers/auth.go:120.54,123.3 2 0
github.com/watup-lk/identity-service/internal/handlers/auth.go:124.2,124.57 1 0
github.com/watup-lk/identity-service/internal/handlers/auth.go:124.57,127.3 2 0
github.com/watup-lk/identity-service/internal/handlers/auth.go:129.2,130.16 2 0
github.com/watup-lk/identity-service/internal/handlers/auth.go:130.16,131.51 1 0
github.com/watup-lk/identity-service/internal/handlers/auth.go:131.51,134.4 2 0
github.com/watup-lk/identity-service/internal/handlers/auth.go:135.3,136.9 2 0
github.com/watup-lk/identity-service/internal/handlers/auth.go:139.2,139.73 1 0
github.com/watup-lk/identity-service/internal/handlers/auth.go:145.69,147.61 2 0
github.com/watup-lk/identity-service/internal/handlers/auth.go:147.61,150.3 2 0
github.com/watup-lk/identity-service/internal/handlers/auth.go:152.2,153.16 2 0
github.com/watup-lk/identity-service/internal/handlers/auth.go:153.16,154.98 1 0
github.com/watup-lk/identity-service/internal/handlers/auth.go:154.98,157.4 2 0
github.com/watup-lk/identity-service/internal/handlers/auth.go:158.3,159.9 2 0
github.com/watup-lk/identity-service/internal/handlers/auth.go:162.2,166.4 1 0
github.com/watup-lk/identity-service/internal/handlers/auth.go:172.71,174.61 2 0
github.com/watup-lk/identity-service/internal/handlers/auth.go:174.61,177.3 2 0
github.com/watup-lk/identity-service/internal/handlers/auth.go:178.2,178.28 1 0
github.com/watup-lk/identity-service/internal/handlers/auth.go:178.28,181.3 2 0
github.com/watup-lk/identity-service/internal/handlers/auth.go:183.2,184.16 2 0
github.com/watup-lk/identity-service/internal/handlers/auth.go:184.16,185.46 1 0
github.com/watup-lk/identity-service/internal/handlers/auth.go:185.46,188.4 2 0
github.com/watup-lk/identity-service/internal/handlers/auth.go:189.3,190.9 2 0
github.com/watup-lk/identity-service/internal/handlers/auth.go:193.2,197.4 1 0
github.com/watup-lk/identity-service/internal/handlers/auth.go:203.70,205.61 2 0
github.com/watup-lk/identity-service/internal/handlers/auth.go:205.61,208.3 2 0
github.com/watup-lk/identity-service/internal/handlers/auth.go:209.2,209.28 1 0
github.com/watup-lk/identity-service/internal/handlers/auth.go:209.28,212.3 2 0
github.com/watup-lk/identity-service/internal/handlers/auth.go:214.2,214.81 1 0
github.com/watup-lk/identity-service/internal/handlers/auth.go:214.81,217.3 2 0
github.com/watup-lk/identity-service/internal/handlers/auth.go:219.2,219.37 1 0
github.com/watup-lk/identity-service/internal/handlers/auth.go:226.77,228.23 2 0
github.com/watup-lk/identity-service/internal/handlers/auth.go:228.23,231.3 2 0
github.com/watup-lk/identity-service/internal/handlers/auth.go:233.2,234.16 2 0
github.com/watup-lk/identity-service/internal/handlers/auth.go:234.16,237.3 2 0
github.com/watup-lk/identity-service/internal/handlers/auth.go:239.2,239.63 1 0
github.com/watup-lk/identity-service/internal/handlers/auth.go:246.39,247.47 1 0
github.com/watup-lk/identity-service/internal/handlers/auth.go:247.47,249.3 1 0
github.com/watup-lk/identity-service/internal/handlers/auth.go:250.2,250.53 1 0
github.com/watup-lk/identity-service/internal/handlers/auth.go:250.53,253.3 1 0
github.com/watup-lk/identity-service/internal/handlers/auth.go:254.2,255.16 2 0
github.com/watup-lk/identity-service/internal/handlers/auth.go:255.16,257.3 1 0
github.com/watup-lk/identity-service/internal/handlers/auth.go:258.2,258.11 1 0
github.com/watup-lk/identity-service/internal/handlers/auth.go:261.49,263.41 2 0
github.com/watup-lk/identity-service/internal/handlers/auth.go:263.41,265.3 1 0
github.com/watup-lk/identity-service/internal/handlers/auth.go:266.2,266.44 1 0
github.com/watup-lk/identity-service/internal/handlers/auth.go:269.58,273.2 3 0
github.com/watup-lk/identity-service/internal/handlers/auth.go:275.64,277.2 1 0
github.com/watup-lk/identity-service/internal/handlers/health.go:19.49,21.2 1 0
github.com/watup-lk/identity-service/internal/handlers/health.go:26.74,28.2 1 0
github.com/watup-lk/identity-service/internal/handlers/health.go:35.75,36.47 1 0
github.com/watup-lk/identity-service/internal/handlers/health.go:36.47,42.3 2 0
github.com/watup-lk/identity-service/internal/handlers/health.go:43.2,43.67 1 0
github.com/watup-lk/identity-service/internal/middleware/metrics.go:36.46,37.71 1 0
github.com/watup-lk/identity-service/internal/middleware/metrics.go:37.71,39.31 1 0
github.com/watup-lk/identity-service/internal/middleware/metrics.go:39.31,42.4 2 0
github.com/watup-lk/identity-service/internal/middleware/metrics.go:44.3,57.72 10 0
github.com/watup-lk/identity-service/internal/middleware/metrics.go:63.37,64.11 1 0
github.com/watup-lk/identity-service/internal/middleware/metrics.go:66.47,67.11 1 0
github.com/watup-lk/identity-service/internal/middleware/metrics.go:68.10,69.18 1 0
github.com/watup-lk/identity-service/internal/middleware/middleware.go:14.89,15.45 1 0
github.com/watup-lk/identity-service/internal/middleware/middleware.go:15.45,17.3 1 0
github.com/watup-lk/identity-service/internal/middleware/middleware.go:18.2,18.10 1 0
github.com/watup-lk/identity-service/internal/middleware/middleware.go:25.54,26.71 1 0
github.com/watup-lk/identity-service/internal/middleware/middleware.go:26.71,46.3 10 0
github.com/watup-lk/identity-service/internal/middleware/middleware.go:57.49,60.2 2 0
github.com/watup-lk/identity-service/internal/middleware/middleware.go:64.52,65.71 1 0
github.com/watup-lk/identity-service/internal/middleware/middleware.go:65.71,78.3 4 0
github.com/watup-lk/identity-service/internal/middleware/middleware.go:100.58,108.2 3 0
github.com/watup-lk/identity-service/internal/middleware/middleware.go:110.46,116.9 5 0
github.com/watup-lk/identity-service/internal/middleware/middleware.go:116.9,124.3 2 0
github.com/watup-lk/identity-service/internal/middleware/middleware.go:127.2,131.18 4 0
github.com/watup-lk/identity-service/internal/middleware/middleware.go:131.18,133.3 1 0
github.com/watup-lk/identity-service/internal/middleware/middleware.go:134.2,135.13 2 0
github.com/watup-lk/identity-service/internal/middleware/middleware.go:139.34,142.21 3 0
github.com/watup-lk/identity-service/internal/middleware/middleware.go:142.21,144.34 2 0
github.com/watup-lk/identity-service/internal/middleware/middleware.go:144.34,145.47 1 0
github.com/watup-lk/identity-service/internal/middleware/middleware.go:145.47,147.5 1 0
github.com/watup-lk/identity-service/internal/middleware/middleware.go:149.3,149.17 1 0
github.com/watup-lk/identity-service/internal/middleware/middleware.go:155.62,156.71 1 0
github.com/watup-lk/identity-service/internal/middleware/middleware.go:156.71,158.17 2 0
github.com/watup-lk/identity-service/internal/middleware/middleware.go:158.17,160.4 1 0
github.com/watup-lk/identity-service/internal/middleware/middleware.go:162.3,162.62 1 0
github.com/watup-lk/identity-service/internal/middleware/middleware.go:162.62,164.4 1 0
github.com/watup-lk/identity-service/internal/middleware/middleware.go:166.3,166.20 1 0
github.com/watup-lk/identity-service/internal/middleware/middleware.go:166.20,170.4 3 0
github.com/watup-lk/identity-service/internal/middleware/middleware.go:171.3,171.23 1 0
github.com/watup-lk/identity-service/internal/middleware/middleware.go:179.43,180.71 1 0
github.com/watup-lk/identity-service/internal/middleware/middleware.go:180.71,182.19 2 0
github.com/watup-lk/identity-service/internal/middleware/middleware.go:182.19,185.4 2 0
github.com/watup-lk/identity-service/internal/middleware/middleware.go:187.3,195.37 7 0
github.com/watup-lk/identity-service/internal/middleware/middleware.go:195.37,198.4 2 0
github.com/watup-lk/identity-service/internal/middleware/middleware.go:200.3,200.23 1 0
github.com/watup-lk/identity-service/internal/service/identity_service.go:53.91,55.2 1 6
github.com/watup-lk/identity-service/internal/service/identity_service.go:58.128,60.16 2 2
github.com/watup-lk/identity-service/internal/service/identity_service.go:60.16,62.3 1 0
github.com/watup-lk/identity-service/internal/service/identity_service.go:63.2,63.12 1 2
github.com/watup-lk/identity-service/internal/service/identity_service.go:63.12,65.3 1 0
github.com/watup-lk/identity-service/internal/service/identity_service.go:67.2,68.16 2 2
github.com/watup-lk/identity-service/internal/service/identity_service.go:68.16,70.3 1 0
github.com/watup-lk/identity-service/internal/service/identity_service.go:72.2,73.87 2 2
github.com/watup-lk/identity-service/internal/service/identity_service.go:73.87,75.3 1 0
github.com/watup-lk/identity-service/internal/service/identity_service.go:78.2,81.43 3 2
github.com/watup-lk/identity-service/internal/service/identity_service.go:85.108,87.16 2 1
github.com/watup-lk/identity-service/internal/service/identity_service.go:87.16,91.3 2 0
github.com/watup-lk/identity-service/internal/service/identity_service.go:93.2,93.20 1 1
github.com/watup-lk/identity-service/internal/service/identity_service.go:93.20,96.3 2 0
github.com/watup-lk/identity-service/internal/service/identity_service.go:98.2,98.99 1 1
github.com/watup-lk/identity-service/internal/service/identity_service.go:98.99,101.3 2 0
github.com/watup-lk/identity-service/internal/service/identity_service.go:103.2,104.16 2 1
github.com/watup-lk/identity-service/internal/service/identity_service.go:104.16,106.3 1 0
github.com/watup-lk/identity-service/internal/service/identity_service.go:108.2,111.18 3 1
github.com/watup-lk/identity-service/internal/service/identity_service.go:115.110,119.16 3 0
github.com/watup-lk/identity-service/internal/service/identity_service.go:119.16,121.3 1 0
github.com/watup-lk/identity-service/internal/service/identity_service.go:122.2,122.58 1 0
github.com/watup-lk/identity-service/internal/service/identity_service.go:122.58,124.3 1 0
github.com/watup-lk/identity-service/internal/service/identity_service.go:127.2,127.66 1 0
github.com/watup-lk/identity-service/internal/service/identity_service.go:127.66,129.3 1 0
github.com/watup-lk/identity-service/internal/service/identity_service.go:131.2,132.16 2 0
github.com/watup-lk/identity-service/internal/service/identity_service.go:132.16,134.3 1 0
github.com/watup-lk/identity-service/internal/service/identity_service.go:136.2,139.18 3 0
github.com/watup-lk/identity-service/internal/service/identity_service.go:143.95,148.66 3 0
github.com/watup-lk/identity-service/internal/service/identity_service.go:148.66,150.3 1 0
github.com/watup-lk/identity-service/internal/service/identity_service.go:152.2,152.19 1 0
github.com/watup-lk/identity-service/internal/service/identity_service.go:152.19,155.3 2 0
github.com/watup-lk/identity-service/internal/service/identity_service.go:157.2,157.12 1 0
github.com/watup-lk/identity-service/internal/service/identity_service.go:161.102,163.97 2 2
github.com/watup-lk/identity-service/internal/service/identity_service.go:163.97,164.54 1 1
github.com/watup-lk/identity-service/internal/service/identity_service.go:164.54,166.4 1 0
github.com/watup-lk/identity-service/internal/service/identity_service.go:167.3,167.38 1 1
github.com/watup-lk/identity-service/internal/service/identity_service.go:169.2,169.32 1 2
github.com/watup-lk/identity-service/internal/service/identity_service.go:169.32,171.3 1 1
github.com/watup-lk/identity-service/internal/service/identity_service.go:172.2,172.27 1 1
github.com/watup-lk/identity-service/internal/service/identity_service.go:176.101,178.2 1 2
github.com/watup-lk/identity-service/internal/service/identity_service.go:181.101,197.16 4 1
github.com/watup-lk/identity-service/internal/service/identity_service.go:197.16,199.3 1 0
github.com/watup-lk/identity-service/internal/service/identity_service.go:202.2,211.16 3 1
github.com/watup-lk/identity-service/internal/service/identity_service.go:211.16,213.3 1 0
github.com/watup-lk/identity-service/internal/service/identity_service.go:215.2,219.8 1 1
github.com/watup-lk/identity-service/internal/service/identity_service.go:223.37,226.2 2 1
github.com/watup-lk/identity-service/internal/service/identity_service.go:229.94,232.90 3 3
github.com/watup-lk/identity-service/internal/service/identity_service.go:232.90,234.3 1 0
github.com/watup-lk/identity-service/internal/config/config.go:26.21,40.32 2 0
github.com/watup-lk/identity-service/internal/config/config.go:40.32,42.3 1 0
github.com/watup-lk/identity-service/internal/config/config.go:44.2,44.12 1 0
github.com/watup-lk/identity-service/internal/config/config.go:49.37,51.16 2 0
github.com/watup-lk/identity-service/internal/config/config.go:51.16,54.3 2 0
github.com/watup-lk/identity-service/internal/config/config.go:56.2,57.16 2 0
github.com/watup-lk/identity-service/internal/config/config.go:57.16,60.3 2 0
github.com/watup-lk/identity-service/internal/config/config.go:62.2,64.82 2 0
github.com/watup-lk/identity-service/internal/config/config.go:64.82,67.3 2 0
github.com/watup-lk/identity-service/internal/config/config.go:67.8,69.3 1 0
github.com/watup-lk/identity-service/internal/config/config.go:71.2,71.82 1 0
github.com/watup-lk/identity-service/internal/config/config.go:71.82,74.3 2 0
github.com/watup-lk/identity-service/internal/config/config.go:74.8,76.3 1 0
github.com/watup-lk/identity-service/internal/config/config.go:79.42,80.36 1 0
github.com/watup-lk/identity-service/internal/config/config.go:80.36,82.3 1 0
github.com/watup-lk/identity-service/internal/config/config.go:83.2,83.17 1 0
github.com/watup-lk/identity-service/internal/config/config.go:86.46,87.36 1 0
github.com/watup-lk/identity-service/internal/config/config.go:87.36,88.44 1 0
github.com/watup-lk/identity-service/internal/config/config.go:88.44,90.4 1 0
github.com/watup-lk/identity-service/internal/config/config.go:92.2,92.17 1 0
github.com/watup-lk/identity-service/internal/grpcserver/server.go:23.70,25.2 1 0
github.com/watup-lk/identity-service/internal/grpcserver/server.go:28.126,29.21 1 0
github.com/watup-lk/identity-service/internal/grpcserver/server.go:29.21,31.3 1 0
github.com/watup-lk/identity-service/internal/grpcserver/server.go:33.2,34.16 2 0
github.com/watup-lk/identity-service/internal/grpcserver/server.go:34.16,40.3 2 0
github.com/watup-lk/identity-service/internal/grpcserver/server.go:42.2,45.8 1 0
github.com/watup-lk/identity-service/internal/grpcserver/server.go:50.108,51.22 1 0
github.com/watup-lk/identity-service/internal/grpcserver/server.go:51.22,53.3 1 0
github.com/watup-lk/identity-service/internal/grpcserver/server.go:55.2,56.16 2 0
github.com/watup-lk/identity-service/internal/grpcserver/server.go:56.16,57.36 1 0
github.com/watup-lk/identity-service/internal/grpcserver/server.go:57.36,59.4 1 0
github.com/watup-lk/identity-service/internal/grpcserver/server.go:60.3,60.67 1 0
github.com/watup-lk/identity-service/internal/grpcserver/server.go:63.2,67.8 1 0
github.com/watup-lk/identity-service/internal/handlers/auth.go:19.41,20.17 1 0
github.com/watup-lk/identity-service/internal/handlers/auth.go:20.17,22.3 1 0
github.com/watup-lk/identity-service/internal/handlers/auth.go:23.2,23.36 1 0
github.com/watup-lk/identity-service/internal/handlers/auth.go:23.36,25.3 1 0
github.com/watup-lk/identity-service/internal/handlers/auth.go:26.2,26.11 1 0
github.com/watup-lk/identity-service/internal/handlers/auth.go:31.47,32.23 1 0
github.com/watup-lk/identity-service/internal/handlers/auth.go:32.23,34.3 1 0
github.com/watup-lk/identity-service/internal/handlers/auth.go:35.2,36.29 2 0
github.com/watup-lk/identity-service/internal/handlers/auth.go:36.29,37.26 1 0
github.com/watup-lk/identity-service/internal/handlers/auth.go:37.26,39.4 1 0
github.com/watup-lk/identity-service/internal/handlers/auth.go:40.3,40.25 1 0
github.com/watup-lk/identity-service/internal/handlers/auth.go:40.25,42.4 1 0
github.com/watup-lk/identity-service/internal/handlers/auth.go:44.2,44.29 1 0
github.com/watup-lk/identity-service/internal/handlers/auth.go:44.29,46.3 1 0
github.com/watup-lk/identity-service/internal/handlers/auth.go:47.2,47.11 1 0
github.com/watup-lk/identity-service/internal/handlers/auth.go:55.64,57.2 1 0
github.com/watup-lk/identity-service/internal/handlers/auth.go:104.70,106.61 2 0
github.com/watup-lk/identity-service/internal/handlers/auth.go:106.61,109.3 2 0
github.com/watup-lk/identity-service/internal/handlers/auth.go:111.2,112.20 2 0
github.com/watup-lk/identity-service/internal/handlers/auth.go:112.20,115.3 2 0
github.com/watup-lk/identity-service/internal/handlers/auth.go:116.2,116.48 1 0
github.com/watup-lk/identity-service/internal/handlers/auth.go:116.48,119.3 2 0
github.com/watup-lk/identity-service/internal/handlers/auth.go:120.2,120.54 1 0
github.com/watup-lk/identity-service/internal/handlers/auth.go:120.54,123.3 2 0
github.com/watup-lk/identity-service/internal/handlers/auth.go:124.2,124.57 1 0
github.com/watup-lk/identity-service/internal/handlers/auth.go:124.57,127.3 2 0
github.com/watup-lk/identity-service/internal/handlers/auth.go:129.2,130.16 2 0
github.com/watup-lk/identity-service/internal/handlers/auth.go:130.16,131.51 1 0
github.com/watup-lk/identity-service/internal/handlers/auth.go:131.51,134.4 2 0
github.com/watup-lk/identity-service/internal/handlers/auth.go:135.3,136.9 2 0
github.com/watup-lk/identity-service/internal/handlers/auth.go:139.2,139.73 1 0
github.com/watup-lk/identity-service/internal/handlers/auth.go:145.69,147.61 2 0
github.com/watup-lk/identity-service/internal/handlers/auth.go:147.61,150.3 2 0
github.com/watup-lk/identity-service/internal/handlers/auth.go:152.2,153.16 2 0
github.com/watup-lk/identity-service/internal/handlers/auth.go:153.16,154.98 1 0
github.com/watup-lk/identity-service/internal/handlers/auth.go:154.98,157.4 2 0
github.com/watup-lk/identity-service/internal/handlers/auth.go:158.3,159.9 2 0
github.com/watup-lk/identity-service/internal/handlers/auth.go:162.2,166.4 1 0
github.com/watup-lk/identity-service/internal/handlers/auth.go:172.71,174.61 2 0
github.com/watup-lk/identity-service/internal/handlers/auth.go:174.61,177.3 2 0
github.com/watup-lk/identity-service/internal/handlers/auth.go:178.2,178.28 1 0
github.com/watup-lk/identity-service/internal/handlers/auth.go:178.28,181.3 2 0
github.com/watup-lk/identity-service/internal/handlers/auth.go:183.2,184.16 2 0
github.com/watup-lk/identity-service/internal/handlers/auth.go:184.16,185.46 1 0
github.com/watup-lk/identity-service/internal/handlers/auth.go:185.46,188.4 2 0
github.com/watup-lk/identity-service/internal/handlers/auth.go:189.3,190.9 2 0
github.com/watup-lk/identity-service/internal/handlers/auth.go:193.2,197.4 1 0
github.com/watup-lk/identity-service/internal/handlers/auth.go:203.70,205.61 2 0
github.com/watup-lk/identity-service/internal/handlers/auth.go:205.61,208.3 2 0
github.com/watup-lk/identity-service/internal/handlers/auth.go:209.2,209.28 1 0
github.com/watup-lk/identity-service/internal/handlers/auth.go:209.28,212.3 2 0
github.com/watup-lk/identity-service/internal/handlers/auth.go:214.2,214.81 1 0
github.com/watup-lk/identity-service/internal/handlers/auth.go:214.81,217.3 2 0
github.com/watup-lk/identity-service/internal/handlers/auth.go:219.2,219.37 1 0
github.com/watup-lk/identity-service/internal/handlers/auth.go:226.77,228.23 2 0
github.com/watup-lk/identity-service/internal/handlers/auth.go:228.23,231.3 2 0
github.com/watup-lk/identity-service/internal/handlers/auth.go:233.2,234.16 2 0
github.com/watup-lk/identity-service/internal/handlers/auth.go:234.16,237.3 2 0
github.com/watup-lk/identity-service/internal/handlers/auth.go:239.2,239.63 1 0
github.com/watup-lk/identity-service/internal/handlers/auth.go:246.39,247.47 1 0
github.com/watup-lk/identity-service/internal/handlers/auth.go:247.47,249.3 1 0
github.com/watup-lk/identity-service/internal/handlers/auth.go:250.2,250.53 1 0
github.com/watup-lk/identity-service/internal/handlers/auth.go:250.53,253.3 1 0
github.com/watup-lk/identity-service/internal/handlers/auth.go:254.2,255.16 2 0
github.com/watup-lk/identity-service/internal/handlers/auth.go:255.16,257.3 1 0
github.com/watup-lk/identity-service/internal/handlers/auth.go:258.2,258.11 1 0
github.com/watup-lk/identity-service/internal/handlers/auth.go:261.49,263.41 2 0
github.com/watup-lk/identity-service/internal/handlers/auth.go:263.41,265.3 1 0
github.com/watup-lk/identity-service/internal/handlers/auth.go:266.2,266.44 1 0
github.com/watup-lk/identity-service/internal/handlers/auth.go:269.58,273.2 3 0
github.com/watup-lk/identity-service/internal/handlers/auth.go:275.64,277.2 1 0
github.com/watup-lk/identity-service/internal/handlers/health.go:19.49,21.2 1 0
github.com/watup-lk/identity-service/internal/handlers/health.go:26.74,28.2 1 0
github.com/watup-lk/identity-service/internal/handlers/health.go:35.75,36.47 1 0
github.com/watup-lk/identity-service/internal/handlers/health.go:36.47,42.3 2 0
github.com/watup-lk/identity-service/internal/handlers/health.go:43.2,43.67 1 0
github.com/watup-lk/identity-service/internal/middleware/metrics.go:36.46,37.71 1 1
github.com/watup-lk/identity-service/internal/middleware/metrics.go:37.71,39.31 1 1
github.com/watup-lk/identity-service/internal/middleware/metrics.go:39.31,42.4 2 0
github.com/watup-lk/identity-service/internal/middleware/metrics.go:44.3,57.72 10 1
github.com/watup-lk/identity-service/internal/middleware/metrics.go:63.37,64.11 1 1
github.com/watup-lk/identity-service/internal/middleware/metrics.go:66.47,67.11 1 1
github.com/watup-lk/identity-service/internal/middleware/metrics.go:68.10,69.18 1 0
github.com/watup-lk/identity-service/internal/middleware/middleware.go:14.89,15.45 1 1
github.com/watup-lk/identity-service/internal/middleware/middleware.go:15.45,17.3 1 1
github.com/watup-lk/identity-service/internal/middleware/middleware.go:18.2,18.10 1 1
github.com/watup-lk/identity-service/internal/middleware/middleware.go:25.54,26.71 1 2
github.com/watup-lk/identity-service/internal/middleware/middleware.go:26.71,46.3 10 2
github.com/watup-lk/identity-service/internal/middleware/middleware.go:57.49,60.2 2 2
github.com/watup-lk/identity-service/internal/middleware/middleware.go:64.52,65.71 1 1
github.com/watup-lk/identity-service/internal/middleware/middleware.go:65.71,78.3 4 1
github.com/watup-lk/identity-service/internal/middleware/middleware.go:100.58,108.2 3 2
github.com/watup-lk/identity-service/internal/middleware/middleware.go:110.46,116.9 5 4
github.com/watup-lk/identity-service/internal/middleware/middleware.go:116.9,124.3 2 2
github.com/watup-lk/identity-service/internal/middleware/middleware.go:127.2,131.18 4 4
github.com/watup-lk/identity-service/internal/middleware/middleware.go:131.18,133.3 1 1
github.com/watup-lk/identity-service/internal/middleware/middleware.go:134.2,135.13 2 3
github.com/watup-lk/identity-service/internal/middleware/middleware.go:139.34,142.21 3 2
github.com/watup-lk/identity-service/internal/middleware/middleware.go:142.21,144.34 2 0
github.com/watup-lk/identity-service/internal/middleware/middleware.go:144.34,145.47 1 0
github.com/watup-lk/identity-service/internal/middleware/middleware.go:145.47,147.5 1 0
github.com/watup-lk/identity-service/internal/middleware/middleware.go:149.3,149.17 1 0
github.com/watup-lk/identity-service/internal/middleware/middleware.go:155.62,156.71 1 2
github.com/watup-lk/identity-service/internal/middleware/middleware.go:156.71,158.17 2 4
github.com/watup-lk/identity-service/internal/middleware/middleware.go:158.17,160.4 1 0
github.com/watup-lk/identity-service/internal/middleware/middleware.go:162.3,162.62 1 4
github.com/watup-lk/identity-service/internal/middleware/middleware.go:162.62,164.4 1 0
github.com/watup-lk/identity-service/internal/middleware/middleware.go:166.3,166.20 1 4
github.com/watup-lk/identity-service/internal/middleware/middleware.go:166.20,170.4 3 1
github.com/watup-lk/identity-service/internal/middleware/middleware.go:171.3,171.23 1 3
github.com/watup-lk/identity-service/internal/middleware/middleware.go:179.43,180.71 1 3
github.com/watup-lk/identity-service/internal/middleware/middleware.go:180.71,182.19 2 3
github.com/watup-lk/identity-service/internal/middleware/middleware.go:182.19,185.4 2 1
github.com/watup-lk/identity-service/internal/middleware/middleware.go:187.3,195.37 7 2
github.com/watup-lk/identity-service/internal/middleware/middleware.go:195.37,198.4 2 1
github.com/watup-lk/identity-service/internal/middleware/middleware.go:200.3,200.23 1 1
github.com/watup-lk/identity-service/internal/service/identity_service.go:53.91,55.2 1 0
github.com/watup-lk/identity-service/internal/service/identity_service.go:58.128,60.16 2 0
github.com/watup-lk/identity-service/internal/service/identity_service.go:60.16,62.3 1 0
github.com/watup-lk/identity-service/internal/service/identity_service.go:63.2,63.12 1 0
github.com/watup-lk/identity-service/internal/service/identity_service.go:63.12,65.3 1 0
github.com/watup-lk/identity-service/internal/service/identity_service.go:67.2,68.16 2 0
github.com/watup-lk/identity-service/internal/service/identity_service.go:68.16,70.3 1 0
github.com/watup-lk/identity-service/internal/service/identity_service.go:72.2,73.87 2 0
github.com/watup-lk/identity-service/internal/service/identity_service.go:73.87,75.3 1 0
github.com/watup-lk/identity-service/internal/service/identity_service.go:78.2,81.43 3 0
github.com/watup-lk/identity-service/internal/service/identity_service.go:85.108,87.16 2 0
github.com/watup-lk/identity-service/internal/service/identity_service.go:87.16,91.3 2 0
github.com/watup-lk/identity-service/internal/service/identity_service.go:93.2,93.20 1 0
github.com/watup-lk/identity-service/internal/service/identity_service.go:93.20,96.3 2 0
github.com/watup-lk/identity-service/internal/service/identity_service.go:98.2,98.99 1 0
github.com/watup-lk/identity-service/internal/service/identity_service.go:98.99,101.3 2 0
github.com/watup-lk/identity-service/internal/service/identity_service.go:103.2,104.16 2 0
github.com/watup-lk/identity-service/internal/service/identity_service.go:104.16,106.3 1 0
github.com/watup-lk/identity-service/internal/service/identity_service.go:108.2,111.18 3 0
github.com/watup-lk/identity-service/internal/service/identity_service.go:115.110,119.16 3 0
github.com/watup-lk/identity-service/internal/service/identity_service.go:119.16,121.3 1 0
github.com/watup-lk/identity-service/internal/service/identity_service.go:122.2,122.58 1 0
github.com/watup-lk/identity-service/internal/service/identity_service.go:122.58,124.3 1 0
github.com/watup-lk/identity-service/internal/service/identity_service.go:127.2,127.66 1 0
github.com/watup-lk/identity-service/internal/service/identity_service.go:127.66,129.3 1 0
github.com/watup-lk/identity-service/internal/service/identity_service.go:131.2,132.16 2 0
github.com/watup-lk/identity-service/internal/service/identity_service.go:132.16,134.3 1 0
github.com/watup-lk/identity-service/internal/service/identity_service.go:136.2,139.18 3 0
github.com/watup-lk/identity-service/internal/service/identity_service.go:143.95,148.66 3 0
github.com/watup-lk/identity-service/internal/service/identity_service.go:148.66,150.3 1 0
github.com/watup-lk/identity-service/internal/service/identity_service.go:152.2,152.19 1 0
github.com/watup-lk/identity-service/internal/service/identity_service.go:152.19,155.3 2 0
github.com/watup-lk/identity-service/internal/service/identity_service.go:157.2,157.12 1 0
github.com/watup-lk/identity-service/internal/service/identity_service.go:161.102,163.97 2 0
github.com/watup-lk/identity-service/internal/service/identity_service.go:163.97,164.54 1 0
github.com/watup-lk/identity-service/internal/service/identity_service.go:164.54,166.4 1 0
github.com/watup-lk/identity-service/internal/service/identity_service.go:167.3,167.38 1 0
github.com/watup-lk/identity-service/internal/service/identity_service.go:169.2,169.32 1 0
github.com/watup-lk/identity-service/internal/service/identity_service.go:169.32,171.3 1 0
github.com/watup-lk/identity-service/internal/service/identity_service.go:172.2,172.27 1 0
github.com/watup-lk/identity-service/internal/service/identity_service.go:176.101,178.2 1 0
github.com/watup-lk/identity-service/internal/service/identity_service.go:181.101,197.16 4 0
github.com/watup-lk/identity-service/internal/service/identity_service.go:197.16,199.3 1 0
github.com/watup-lk/identity-service/internal/service/identity_service.go:202.2,211.16 3 0
github.com/watup-lk/identity-service/internal/service/identity_service.go:211.16,213.3 1 0
github.com/watup-lk/identity-service/internal/service/identity_service.go:215.2,219.8 1 0
github.com/watup-lk/identity-service/internal/service/identity_service.go:223.37,226.2 2 0
github.com/watup-lk/identity-service/internal/service/identity_service.go:229.94,232.90 3 0
github.com/watup-lk/identity-service/internal/service/identity_service.go:232.90,234.3 1 0
github.com/watup-lk/identity-service/internal/config/config.go:26.21,40.32 2 0
github.com/watup-lk/identity-service/internal/config/config.go:40.32,42.3 1 0
github.com/watup-lk/identity-service/internal/config/config.go:44.2,44.12 1 0
github.com/watup-lk/identity-service/internal/config/config.go:49.37,51.16 2 0
github.com/watup-lk/identity-service/internal/config/config.go:51.16,54.3 2 0
github.com/watup-lk/identity-service/internal/config/config.go:56.2,57.16 2 0
github.com/watup-lk/identity-service/internal/config/config.go:57.16,60.3 2 0
github.com/watup-lk/identity-service/internal/config/config.go:62.2,64.82 2 0
github.com/watup-lk/identity-service/internal/config/config.go:64.82,67.3 2 0
github.com/watup-lk/identity-service/internal/config/config.go:67.8,69.3 1 0
github.com/watup-lk/identity-service/internal/config/config.go:71.2,71.82 1 0
github.com/watup-lk/identity-service/internal/config/config.go:71.82,74.3 2 0
github.com/watup-lk/identity-service/internal/config/config.go:74.8,76.3 1 0
github.com/watup-lk/identity-service/internal/config/config.go:79.42,80.36 1 0
github.com/watup-lk/identity-service/internal/config/config.go:80.36,82.3 1 0
github.com/watup-lk/identity-service/internal/config/config.go:83.2,83.17 1 0
github.com/watup-lk/identity-service/internal/config/config.go:86.46,87.36 1 0
github.com/watup-lk/identity-service/internal/config/config.go:87.36,88.44 1 0
github.com/watup-lk/identity-service/internal/config/config.go:88.44,90.4 1 0
github.com/watup-lk/identity-service/internal/config/config.go:92.2,92.17 1 0
github.com/watup-lk/identity-service/internal/grpcserver/server.go:23.70,25.2 1 0
github.com/watup-lk/identity-service/internal/grpcserver/server.go:28.126,29.21 1 0
github.com/watup-lk/identity-service/internal/grpcserver/server.go:29.21,31.3 1 0
github.com/watup-lk/identity-service/internal/grpcserver/server.go:33.2,34.16 2 0
github.com/watup-lk/identity-service/internal/grpcserver/server.go:34.16,40.3 2 0
github.com/watup-lk/identity-service/internal/grpcserver/server.go:42.2,45.8 1 0
github.com/watup-lk/identity-service/internal/grpcserver/server.go:50.108,51.22 1 0
github.com/watup-lk/identity-service/internal/grpcserver/server.go:51.22,53.3 1 0
github.com/watup-lk/identity-service/internal/grpcserver/server.go:55.2,56.16 2 0
github.com/watup-lk/identity-service/internal/grpcserver/server.go:56.16,57.36 1 0
github.com/watup-lk/identity-service/internal/grpcserver/server.go:57.36,59.4 1 0
github.com/watup-lk/identity-service/internal/grpcserver/server.go:60.3,60.67 1 0
github.com/watup-lk/identity-service/internal/grpcserver/server.go:63.2,67.8 1 0
github.com/watup-lk/identity-service/internal/handlers/auth.go:19.41,20.17 1 14
github.com/watup-lk/identity-service/internal/handlers/auth.go:20.17,22.3 1 1
github.com/watup-lk/identity-service/internal/handlers/auth.go:23.2,23.36 1 13
github.com/watup-lk/identity-service/internal/handlers/auth.go:23.36,25.3 1 1
github.com/watup-lk/identity-service/internal/handlers/auth.go:26.2,26.11 1 12
github.com/watup-lk/identity-service/internal/handlers/auth.go:31.47,32.23 1 12
github.com/watup-lk/identity-service/internal/handlers/auth.go:32.23,34.3 1 1
github.com/watup-lk/identity-service/internal/handlers/auth.go:35.2,36.29 2 11
github.com/watup-lk/identity-service/internal/handlers/auth.go:36.29,37.26 1 120
github.com/watup-lk/identity-service/internal/handlers/auth.go:37.26,39.4 1 110
github.com/watup-lk/identity-service/internal/handlers/auth.go:40.3,40.25 1 120
github.com/watup-lk/identity-service/internal/handlers/auth.go:40.25,42.4 1 10
github.com/watup-lk/identity-service/internal/handlers/auth.go:44.2,44.29 1 11
github.com/watup-lk/identity-service/internal/handlers/auth.go:44.29,46.3 1 1
github.com/watup-lk/identity-service/internal/handlers/auth.go:47.2,47.11 1 10
github.com/watup-lk/identity-service/internal/handlers/auth.go:55.64,57.2 1 25
github.com/watup-lk/identity-service/internal/handlers/auth.go:104.70,106.61 2 16
github.com/watup-lk/identity-service/internal/handlers/auth.go:106.61,109.3 2 1
github.com/watup-lk/identity-service/internal/handlers/auth.go:111.2,112.20 2 15
github.com/watup-lk/identity-service/internal/handlers/auth.go:112.20,115.3 2 1
github.com/watup-lk/identity-service/internal/handlers/auth.go:116.2,116.48 1 14
github.com/watup-lk/identity-service/internal/handlers/auth.go:116.48,119.3 2 2
github.com/watup-lk/identity-service/internal/handlers/auth.go:120.2,120.54 1 12
github.com/watup-lk/identity-service/internal/handlers/auth.go:120.54,123.3 2 2
github.com/watup-lk/identity-service/internal/handlers/auth.go:124.2,124.57 1 10
github.com/watup-lk/identity-service/internal/handlers/auth.go:124.57,127.3 2 1
github.com/watup-lk/identity-service/internal/handlers/auth.go:129.2,130.16 2 9
github.com/watup-lk/identity-service/internal/handlers/auth.go:130.16,131.51 1 1
github.com/watup-lk/identity-service/internal/handlers/auth.go:131.51,134.4 2 1
github.com/watup-lk/identity-service/internal/handlers/auth.go:135.3,136.9 2 0
github.com/watup-lk/identity-service/internal/handlers/auth.go:139.2,139.73 1 8
github.com/watup-lk/identity-service/internal/handlers/auth.go:145.69,147.61 2 7
github.com/watup-lk/identity-service/internal/handlers/auth.go:147.61,150.3 2 1
github.com/watup-lk/identity-service/internal/handlers/auth.go:152.2,153.16 2 6
github.com/watup-lk/identity-service/internal/handlers/auth.go:153.16,154.98 1 2
github.com/watup-lk/identity-service/internal/handlers/auth.go:154.98,157.4 2 2
github.com/watup-lk/identity-service/internal/handlers/auth.go:158.3,159.9 2 0
github.com/watup-lk/identity-service/internal/handlers/auth.go:162.2,166.4 1 4
github.com/watup-lk/identity-service/internal/handlers/auth.go:172.71,174.61 2 4
github.com/watup-lk/identity-service/internal/handlers/auth.go:174.61,177.3 2 1
github.com/watup-lk/identity-service/internal/handlers/auth.go:178.2,178.28 1 3
github.com/watup-lk/identity-service/internal/handlers/auth.go:178.28,181.3 2 1
github.com/watup-lk/identity-service/internal/handlers/auth.go:183.2,184.16 2 2
github.com/watup-lk/identity-service/internal/handlers/auth.go:184.16,185.46 1 1
github.com/watup-lk/identity-service/internal/handlers/auth.go:185.46,188.4 2 1
github.com/watup-lk/identity-service/internal/handlers/auth.go:189.3,190.9 2 0
github.com/watup-lk/identity-service/internal/handlers/auth.go:193.2,197.4 1 1
github.com/watup-lk/identity-service/internal/handlers/auth.go:203.70,205.61 2 3
github.com/watup-lk/identity-service/internal/handlers/auth.go:205.61,208.3 2 1
github.com/watup-lk/identity-service/internal/handlers/auth.go:209.2,209.28 1 2
github.com/watup-lk/identity-service/internal/handlers/auth.go:209.28,212.3 2 1
github.com/watup-lk/identity-service/internal/handlers/auth.go:214.2,214.81 1 1
github.com/watup-lk/identity-service/internal/handlers/auth.go:214.81,217.3 2 0
github.com/watup-lk/identity-service/internal/handlers/auth.go:219.2,219.37 1 1
github.com/watup-lk/identity-service/internal/handlers/auth.go:226.77,228.23 2 4
github.com/watup-lk/identity-service/internal/handlers/auth.go:228.23,231.3 2 2
github.com/watup-lk/identity-service/internal/handlers/auth.go:233.2,234.16 2 2
github.com/watup-lk/identity-service/internal/handlers/auth.go:234.16,237.3 2 1
github.com/watup-lk/identity-service/internal/handlers/auth.go:239.2,239.63 1 1
github.com/watup-lk/identity-service/internal/handlers/auth.go:246.39,247.47 1 18
github.com/watup-lk/identity-service/internal/handlers/auth.go:247.47,249.3 1 0
github.com/watup-lk/identity-service/internal/handlers/auth.go:250.2,250.53 1 18
github.com/watup-lk/identity-service/internal/handlers/auth.go:250.53,253.3 1 0
github.com/watup-lk/identity-service/internal/handlers/auth.go:254.2,255.16 2 18
github.com/watup-lk/identity-service/internal/handlers/auth.go:255.16,257.3 1 0
github.com/watup-lk/identity-service/internal/handlers/auth.go:258.2,258.11 1 18
github.com/watup-lk/identity-service/internal/handlers/auth.go:261.49,263.41 2 4
github.com/watup-lk/identity-service/internal/handlers/auth.go:263.41,265.3 1 2
github.com/watup-lk/identity-service/internal/handlers/auth.go:266.2,266.44 1 2
github.com/watup-lk/identity-service/internal/handlers/auth.go:269.58,273.2 3 36
github.com/watup-lk/identity-service/internal/handlers/auth.go:275.64,277.2 1 19
github.com/watup-lk/identity-service/internal/handlers/health.go:19.49,21.2 1 3
github.com/watup-lk/identity-service/internal/handlers/health.go:26.74,28.2 1 1
github.com/watup-lk/identity-service/internal/handlers/health.go:35.75,36.47 1 2
github.com/watup-lk/identity-service/internal/handlers/health.go:36.47,42.3 2 1
github.com/watup-lk/identity-service/internal/handlers/health.go:43.2,43.67 1 1
github.com/watup-lk/identity-service/internal/middleware/metrics.go:36.46,37.71 1 0
github.com/watup-lk/identity-service/internal/middleware/metrics.go:37.71,39.31 1 0
github.com/watup-lk/identity-service/internal/middleware/metrics.go:39.31,42.4 2 0
github.com/watup-lk/identity-service/internal/middleware/metrics.go:44.3,57.72 10 0
github.com/watup-lk/identity-service/internal/middleware/metrics.go:63.37,64.11 1 0
github.com/watup-lk/identity-service/internal/middleware/metrics.go:66.47,67.11 1 0
github.com/watup-lk/identity-service/internal/middleware/metrics.go:68.10,69.18 1 0
github.com/watup-lk/identity-service/internal/middleware/middleware.go:14.89,15.45 1 0
github.com/watup-lk/identity-service/internal/middleware/middleware.go:15.45,17.3 1 0
github.com/watup-lk/identity-service/internal/middleware/middleware.go:18.2,18.10 1 0
github.com/watup-lk/identity-service/internal/middleware/middleware.go:25.54,26.71 1 0
github.com/watup-lk/identity-service/internal/middleware/middleware.go:26.71,46.3 10 0
github.com/watup-lk/identity-service/internal/middleware/middleware.go:57.49,60.2 2 0
github.com/watup-lk/identity-service/internal/middleware/middleware.go:64.52,65.71 1 0
github.com/watup-lk/identity-service/internal/middleware/middleware.go:65.71,78.3 4 0
github.com/watup-lk/identity-service/internal/middleware/middleware.go:100.58,108.2 3 0
github.com/watup-lk/identity-service/internal/middleware/middleware.go:110.46,116.9 5 0
github.com/watup-lk/identity-service/internal/middleware/middleware.go:116.9,124.3 2 0
github.com/watup-lk/identity-service/internal/middleware/middleware.go:127.2,131.18 4 0
github.com/watup-lk/identity-service/internal/middleware/middleware.go:131.18,133.3 1 0
github.com/watup-lk/identity-service/internal/middleware/middleware.go:134.2,135.13 2 0
github.com/watup-lk/identity-service/internal/middleware/middleware.go:139.34,142.21 3 0
github.com/watup-lk/identity-service/internal/middleware/middleware.go:142.21,144.34 2 0
github.com/watup-lk/identity-service/internal/middleware/middleware.go:144.34,145.47 1 0
github.com/watup-lk/identity-service/internal/middleware/middleware.go:145.47,147.5 1 0
github.com/watup-lk/identity-service/internal/middleware/middleware.go:149.3,149.17 1 0
github.com/watup-lk/identity-service/internal/middleware/middleware.go:155.62,156.71 1 0
github.com/watup-lk/identity-service/internal/middleware/middleware.go:156.71,158.17 2 0
github.com/watup-lk/identity-service/internal/middleware/middleware.go:158.17,160.4 1 0
github.com/watup-lk/identity-service/internal/middleware/middleware.go:162.3,162.62 1 0
github.com/watup-lk/identity-service/internal/middleware/middleware.go:162.62,164.4 1 0
github.com/watup-lk/identity-service/internal/middleware/middleware.go:166.3,166.20 1 0
github.com/watup-lk/identity-service/internal/middleware/middleware.go:166.20,170.4 3 0
github.com/watup-lk/identity-service/internal/middleware/middleware.go:171.3,171.23 1 0
github.com/watup-lk/identity-service/internal/middleware/middleware.go:179.43,180.71 1 0
github.com/watup-lk/identity-service/internal/middleware/middleware.go:180.71,182.19 2 0
github.com/watup-lk/identity-service/internal/middleware/middleware.go:182.19,185.4 2 0
github.com/watup-lk/identity-service/internal/middleware/middleware.go:187.3,195.37 7 0
github.com/watup-lk/identity-service/internal/middleware/middleware.go:195.37,198.4 2 0
github.com/watup-lk/identity-service/internal/middleware/middleware.go:200.3,200.23 1 0
github.com/watup-lk/identity-service/internal/service/identity_service.go:53.91,55.2 1 25
github.com/watup-lk/identity-service/internal/service/identity_service.go:58.128,60.16 2 9
github.com/watup-lk/identity-service/internal/service/identity_service.go:60.16,62.3 1 0
github.com/watup-lk/identity-service/internal/service/identity_service.go:63.2,63.12 1 9
github.com/watup-lk/identity-service/internal/service/identity_service.go:63.12,65.3 1 1
github.com/watup-lk/identity-service/internal/service/identity_service.go:67.2,68.16 2 8
github.com/watup-lk/identity-service/internal/service/identity_service.go:68.16,70.3 1 0
github.com/watup-lk/identity-service/internal/service/identity_service.go:72.2,73.87 2 8
github.com/watup-lk/identity-service/internal/service/identity_service.go:73.87,75.3 1 0
github.com/watup-lk/identity-service/internal/service/identity_service.go:78.2,81.43 3 8
github.com/watup-lk/identity-service/internal/service/identity_service.go:85.108,87.16 2 6
github.com/watup-lk/identity-service/internal/service/identity_service.go:87.16,91.3 2 1
github.com/watup-lk/identity-service/internal/service/identity_service.go:93.2,93.20 1 5
github.com/watup-lk/identity-service/internal/service/identity_service.go:93.20,96.3 2 0
github.com/watup-lk/identity-service/internal/service/identity_service.go:98.2,98.99 1 5
github.com/watup-lk/identity-service/internal/service/identity_service.go:98.99,101.3 2 1
github.com/watup-lk/identity-service/internal/service/identity_service.go:103.2,104.16 2 4
github.com/watup-lk/identity-service/internal/service/identity_service.go:104.16,106.3 1 0
github.com/watup-lk/identity-service/internal/service/identity_service.go:108.2,111.18 3 4
github.com/watup-lk/identity-service/internal/service/identity_service.go:115.110,119.16 3 2
github.com/watup-lk/identity-service/internal/service/identity_service.go:119.16,121.3 1 1
github.com/watup-lk/identity-service/internal/service/identity_service.go:122.2,122.58 1 1
github.com/watup-lk/identity-service/internal/service/identity_service.go:122.58,124.3 1 0
github.com/watup-lk/identity-service/internal/service/identity_service.go:127.2,127.66 1 1
github.com/watup-lk/identity-service/internal/service/identity_service.go:127.66,129.3 1 0
github.com/watup-lk/identity-service/internal/service/identity_service.go:131.2,132.16 2 1
github.com/watup-lk/identity-service/internal/service/identity_service.go:132.16,134.3 1 0
github.com/watup-lk/identity-service/internal/service/identity_service.go:136.2,139.18 3 1
github.com/watup-lk/identity-service/internal/service/identity_service.go:143.95,148.66 3 1
github.com/watup-lk/identity-service/internal/service/identity_service.go:148.66,150.3 1 0
github.com/watup-lk/identity-service/internal/service/identity_service.go:152.2,152.19 1 1
github.com/watup-lk/identity-service/internal/service/identity_service.go:152.19,155.3 2 1
github.com/watup-lk/identity-service/internal/service/identity_service.go:157.2,157.12 1 1
github.com/watup-lk/identity-service/internal/service/identity_service.go:161.102,163.97 2 2
github.com/watup-lk/identity-service/internal/service/identity_service.go:163.97,164.54 1 1
github.com/watup-lk/identity-service/internal/service/identity_service.go:164.54,166.4 1 0
github.com/watup-lk/identity-service/internal/service/identity_service.go:167.3,167.38 1 1
github.com/watup-lk/identity-service/internal/service/identity_service.go:169.2,169.32 1 2
github.com/watup-lk/identity-service/internal/service/identity_service.go:169.32,171.3 1 1
github.com/watup-lk/identity-service/internal/service/identity_service.go:172.2,172.27 1 1
github.com/watup-lk/identity-service/internal/service/identity_service.go:176.101,178.2 1 0
github.com/watup-lk/identity-service/internal/service/identity_service.go:181.101,197.16 4 5
github.com/watup-lk/identity-service/internal/service/identity_service.go:197.16,199.3 1 0
github.com/watup-lk/identity-service/internal/service/identity_service.go:202.2,211.16 3 5
github.com/watup-lk/identity-service/internal/service/identity_service.go:211.16,213.3 1 0
github.com/watup-lk/identity-service/internal/service/identity_service.go:215.2,219.8 1 5
github.com/watup-lk/identity-service/internal/service/identity_service.go:223.37,226.2 2 8
github.com/watup-lk/identity-service/internal/service/identity_service.go:229.94,232.90 3 16
github.com/watup-lk/identity-service/internal/service/identity_service.go:232.90,234.3 1 0
github.com/watup-lk/identity-service/internal/config/config.go:26.21,40.32 2 0
github.com/watup-lk/identity-service/internal/config/config.go:40.32,42.3 1 0
github.com/watup-lk/identity-service/internal/config/config.go:44.2,44.12 1 0
github.com/watup-lk/identity-service/internal/config/config.go:49.37,51.16 2 0
github.com/watup-lk/identity-service/internal/config/config.go:51.16,54.3 2 0
github.com/watup-lk/identity-service/internal/config/config.go:56.2,57.16 2 0
github.com/watup-lk/identity-service/internal/config/config.go:57.16,60.3 2 0
github.com/watup-lk/identity-service/internal/config/config.go:62.2,64.82 2 0
github.com/watup-lk/identity-service/internal/config/config.go:64.82,67.3 2 0
github.com/watup-lk/identity-service/internal/config/config.go:67.8,69.3 1 0
github.com/watup-lk/identity-service/internal/config/config.go:71.2,71.82 1 0
github.com/watup-lk/identity-service/internal/config/config.go:71.82,74.3 2 0
github.com/watup-lk/identity-service/internal/config/config.go:74.8,76.3 1 0
github.com/watup-lk/identity-service/internal/config/config.go:79.42,80.36 1 0
github.com/watup-lk/identity-service/internal/config/config.go:80.36,82.3 1 0
github.com/watup-lk/identity-service/internal/config/config.go:83.2,83.17 1 0
github.com/watup-lk/identity-service/internal/config/config.go:86.46,87.36 1 0
github.com/watup-lk/identity-service/internal/config/config.go:87.36,88.44 1 0
github.com/watup-lk/identity-service/internal/config/config.go:88.44,90.4 1 0
github.com/watup-lk/identity-service/internal/config/config.go:92.2,92.17 1 0
github.com/watup-lk/identity-service/internal/grpcserver/server.go:23.70,25.2 1 0
github.com/watup-lk/identity-service/internal/grpcserver/server.go:28.126,29.21 1 0
github.com/watup-lk/identity-service/internal/grpcserver/server.go:29.21,31.3 1 0
github.com/watup-lk/identity-service/internal/grpcserver/server.go:33.2,34.16 2 0
github.com/watup-lk/identity-service/internal/grpcserver/server.go:34.16,40.3 2 0
github.com/watup-lk/identity-service/internal/grpcserver/server.go:42.2,45.8 1 0
github.com/watup-lk/identity-service/internal/grpcserver/server.go:50.108,51.22 1 0
github.com/watup-lk/identity-service/internal/grpcserver/server.go:51.22,53.3 1 0
github.com/watup-lk/identity-service/internal/grpcserver/server.go:55.2,56.16 2 0
github.com/watup-lk/identity-service/internal/grpcserver/server.go:56.16,57.36 1 0
github.com/watup-lk/identity-service/internal/grpcserver/server.go:57.36,59.4 1 0
github.com/watup-lk/identity-service/internal/grpcserver/server.go:60.3,60.67 1 0
github.com/watup-lk/identity-service/internal/grpcserver/server.go:63.2,67.8 1 0
github.com/watup-lk/identity-service/internal/handlers/auth.go:19.41,20.17 1 0
github.com/watup-lk/identity-service/internal/handlers/auth.go:20.17,22.3 1 0
github.com/watup-lk/identity-service/internal/handlers/auth.go:23.2,23.36 1 0
github.com/watup-lk/identity-service/internal/handlers/auth.go:23.36,25.3 1 0
github.com/watup-lk/identity-service/internal/handlers/auth.go:26.2,26.11 1 0
github.com/watup-lk/identity-service/internal/handlers/auth.go:31.47,32.23 1 0
github.com/watup-lk/identity-service/internal/handlers/auth.go:32.23,34.3 1 0
github.com/watup-lk/identity-service/internal/handlers/auth.go:35.2,36.29 2 0
github.com/watup-lk/identity-service/internal/handlers/auth.go:36.29,37.26 1 0
github.com/watup-lk/identity-service/internal/handlers/auth.go:37.26,39.4 1 0
github.com/watup-lk/identity-service/internal/handlers/auth.go:40.3,40.25 1 0
github.com/watup-lk/identity-service/internal/handlers/auth.go:40.25,42.4 1 0
github.com/watup-lk/identity-service/internal/handlers/auth.go:44.2,44.29 1 0
github.com/watup-lk/identity-service/internal/handlers/auth.go:44.29,46.3 1 0
github.com/watup-lk/identity-service/internal/handlers/auth.go:47.2,47.11 1 0
github.com/watup-lk/identity-service/internal/handlers/auth.go:55.64,57.2 1 0
github.com/watup-lk/identity-service/internal/handlers/auth.go:104.70,106.61 2 0
github.com/watup-lk/identity-service/internal/handlers/auth.go:106.61,109.3 2 0
github.com/watup-lk/identity-service/internal/handlers/auth.go:111.2,112.20 2 0
github.com/watup-lk/identity-service/internal/handlers/auth.go:112.20,115.3 2 0
github.com/watup-lk/identity-service/internal/handlers/auth.go:116.2,116.48 1 0
github.com/watup-lk/identity-service/internal/handlers/auth.go:116.48,119.3 2 0
github.com/watup-lk/identity-service/internal/handlers/auth.go:120.2,120.54 1 0
github.com/watup-lk/identity-service/internal/handlers/auth.go:120.54,123.3 2 0
github.com/watup-lk/identity-service/internal/handlers/auth.go:124.2,124.57 1 0
github.com/watup-lk/identity-service/internal/handlers/auth.go:124.57,127.3 2 0
github.com/watup-lk/identity-service/internal/handlers/auth.go:129.2,130.16 2 0
github.com/watup-lk/identity-service/internal/handlers/auth.go:130.16,131.51 1 0
github.com/watup-lk/identity-service/internal/handlers/auth.go:131.51,134.4 2 0
github.com/watup-lk/identity-service/internal/handlers/auth.go:135.3,136.9 2 0
github.com/watup-lk/identity-service/internal/handlers/auth.go:139.2,139.73 1 0
github.com/watup-lk/identity-service/internal/handlers/auth.go:145.69,147.61 2 0
github.com/watup-lk/identity-service/internal/handlers/auth.go:147.61,150.3 2 0
github.com/watup-lk/identity-service/internal/handlers/auth.go:152.2,153.16 2 0
github.com/watup-lk/identity-service/internal/handlers/auth.go:153.16,154.98 1 0
github.com/watup-lk/identity-service/internal/handlers/auth.go:154.98,157.4 2 0
github.com/watup-lk/identity-service/internal/handlers/auth.go:158.3,159.9 2 0
github.com/watup-lk/identity-service/internal/handlers/auth.go:162.2,166.4 1 0
github.com/watup-lk/identity-service/internal/handlers/auth.go:172.71,174.61 2 0
github.com/watup-lk/identity-service/internal/handlers/auth.go:174.61,177.3 2 0
github.com/watup-lk/identity-service/internal/handlers/auth.go:178.2,178.28 1 0
github.com/watup-lk/identity-service/internal/handlers/auth.go:178.28,181.3 2 0
github.com/watup-lk/identity-service/internal/handlers/auth.go:183.2,184.16 2 0
github.com/watup-lk/identity-service/internal/handlers/auth.go:184.16,185.46 1 0
github.com/watup-lk/identity-service/internal/handlers/auth.go:185.46,188.4 2 0
github.com/watup-lk/identity-service/internal/handlers/auth.go:189.3,190.9 2 0
github.com/watup-lk/identity-service/internal/handlers/auth.go:193.2,197.4 1 0
github.com/watup-lk/identity-service/internal/handlers/auth.go:203.70,205.61 2 0
github.com/watup-lk/identity-service/internal/handlers/auth.go:205.61,208.3 2 0
github.com/watup-lk/identity-service/internal/handlers/auth.go:209.2,209.28 1 0
github.com/watup-lk/identity-service/internal/handlers/auth.go:209.28,212.3 2 0
github.com/watup-lk/identity-service/internal/handlers/auth.go:214.2,214.81 1 0
github.com/watup-lk/identity-service/internal/handlers/auth.go:214.81,217.3 2 0
github.com/watup-lk/identity-service/internal/handlers/auth.go:219.2,219.37 1 0
github.com/watup-lk/identity-service/internal/handlers/auth.go:226.77,228.23 2 0
github.com/watup-lk/identity-service/internal/handlers/auth.go:228.23,231.3 2 0
github.com/watup-lk/identity-service/internal/handlers/auth.go:233.2,234.16 2 0
github.com/watup-lk/identity-service/internal/handlers/auth.go:234.16,237.3 2 0
github.com/watup-lk/identity-service/internal/handlers/auth.go:239.2,239.63 1 0
github.com/watup-lk/identity-service/internal/handlers/auth.go:246.39,247.47 1 0
github.com/watup-lk/identity-service/internal/handlers/auth.go:247.47,249.3 1 0
github.com/watup-lk/identity-service/internal/handlers/auth.go:250.2,250.53 1 0
github.com/watup-lk/identity-service/internal/handlers/auth.go:250.53,253.3 1 0
github.com/watup-lk/identity-service/internal/handlers/auth.go:254.2,255.16 2 0
github.com/watup-lk/identity-service/internal/handlers/auth.go:255.16,257.3 1 0
github.com/watup-lk/identity-service/internal/handlers/auth.go:258.2,258.11 1 0
github.com/watup-lk/identity-service/internal/handlers/auth.go:261.49,263.41 2 0
github.com/watup-lk/identity-service/internal/handlers/auth.go:263.41,265.3 1 0
github.com/watup-lk/identity-service/internal/handlers/auth.go:266.2,266.44 1 0
github.com/watup-lk/identity-service/internal/handlers/auth.go:269.58,273.2 3 0
github.com/watup-lk/identity-service/internal/handlers/auth.go:275.64,277.2 1 0
github.com/watup-lk/identity-service/internal/handlers/health.go:19.49,21.2 1 0
github.com/watup-lk/identity-service/internal/handlers/health.go:26.74,28.2 1 0
github.com/watup-lk/identity-service/internal/handlers/health.go:35.75,36.47 1 0
github.com/watup-lk/identity-service/internal/handlers/health.go:36.47,42.3 2 0
github.com/watup-lk/identity-service/internal/handlers/health.go:43.2,43.67 1 0
github.com/watup-lk/identity-service/internal/middleware/metrics.go:36.46,37.71 1 0
github.com/watup-lk/identity-service/internal/middleware/metrics.go:37.71,39.31 1 0
github.com/watup-lk/identity-service/internal/middleware/metrics.go:39.31,42.4 2 0
github.com/watup-lk/identity-service/internal/middleware/metrics.go:44.3,57.72 10 0
github.com/watup-lk/identity-service/internal/middleware/metrics.go:63.37,64.11 1 0
github.com/watup-lk/identity-service/internal/middleware/metrics.go:66.47,67.11 1 0
github.com/watup-lk/identity-service/internal/middleware/metrics.go:68.10,69.18 1 0
github.com/watup-lk/identity-service/internal/middleware/middleware.go:14.89,15.45 1 0
github.com/watup-lk/identity-service/internal/middleware/middleware.go:15.45,17.3 1 0
github.com/watup-lk/identity-service/internal/middleware/middleware.go:18.2,18.10 1 0
github.com/watup-lk/identity-service/internal/middleware/middleware.go:25.54,26.71 1 0
github.com/watup-lk/identity-service/internal/middleware/middleware.go:26.71,46.3 10 0
github.com/watup-lk/identity-service/internal/middleware/middleware.go:57.49,60.2 2 0
github.com/watup-lk/identity-service/internal/middleware/middleware.go:64.52,65.71 1 0
github.com/watup-lk/identity-service/internal/middleware/middleware.go:65.71,78.3 4 0
github.com/watup-lk/identity-service/internal/middleware/middleware.go:100.58,108.2 3 0
github.com/watup-lk/identity-service/internal/middleware/middleware.go:110.46,116.9 5 0
github.com/watup-lk/identity-service/internal/middleware/middleware.go:116.9,124.3 2 0
github.com/watup-lk/identity-service/internal/middleware/middleware.go:127.2,131.18 4 0
github.com/watup-lk/identity-service/internal/middleware/middleware.go:131.18,133.3 1 0
github.com/watup-lk/identity-service/internal/middleware/middleware.go:134.2,135.13 2 0
github.com/watup-lk/identity-service/internal/middleware/middleware.go:139.34,142.21 3 0
github.com/watup-lk/identity-service/internal/middleware/middleware.go:142.21,144.34 2 0
github.com/watup-lk/identity-service/internal/middleware/middleware.go:144.34,145.47 1 0
github.com/watup-lk/identity-service/internal/middleware/middleware.go:145.47,147.5 1 0
github.com/watup-lk/identity-service/internal/middleware/middleware.go:149.3,149.17 1 0
github.com/watup-lk/identity-service/internal/middleware/middleware.go:155.62,156.71 1 0
github.com/watup-lk/identity-service/internal/middleware/middleware.go:156.71,158.17 2 0
github.com/watup-lk/identity-service/internal/middleware/middleware.go:158.17,160.4 1 0
github.com/watup-lk/identity-service/internal/middleware/middleware.go:162.3,162.62 1 0
github.com/watup-lk/identity-service/internal/middleware/middleware.go:162.62,164.4 1 0
github.com/watup-lk/identity-service/internal/middleware/middleware.go:166.3,166.20 1 0
github.com/watup-lk/identity-service/internal/middleware/middleware.go:166.20,170.4 3 0
github.com/watup-lk/identity-service/internal/middleware/middleware.go:171.3,171.23 1 0
github.com/watup-lk/identity-service/internal/middleware/middleware.go:179.43,180.71 1 0
github.com/watup-lk/identity-service/internal/middleware/middleware.go:180.71,182.19 2 0
github.com/watup-lk/identity-service/internal/middleware/middleware.go:182.19,185.4 2 0
github.com/watup-lk/identity-service/internal/middleware/middleware.go:187.3,195.37 7 0
github.com/watup-lk/identity-service/internal/middleware/middleware.go:195.37,198.4 2 0
github.com/watup-lk/identity-service/internal/middleware/middleware.go:200.3,200.23 1 0
github.com/watup-lk/identity-service/internal/service/identity_service.go:53.91,55.2 1 12
github.com/watup-lk/identity-service/internal/service/identity_service.go:58.128,60.16 2 10
github.com/watup-lk/identity-service/internal/service/identity_service.go:60.16,62.3 1 0
github.com/watup-lk/identity-service/internal/service/identity_service.go:63.2,63.12 1 10
github.com/watup-lk/identity-service/internal/service/identity_service.go:63.12,65.3 1 1
github.com/watup-lk/identity-service/internal/service/identity_service.go:67.2,68.16 2 9
github.com/watup-lk/identity-service/internal/service/identity_service.go:68.16,70.3 1 0
github.com/watup-lk/identity-service/internal/service/identity_service.go:72.2,73.87 2 9
github.com/watup-lk/identity-service/internal/service/identity_service.go:73.87,75.3 1 0
github.com/watup-lk/identity-service/internal/service/identity_service.go:78.2,81.43 3 9
github.com/watup-lk/identity-service/internal/service/identity_service.go:85.108,87.16 2 8
github.com/watup-lk/identity-service/internal/service/identity_service.go:87.16,91.3 2 1
github.com/watup-lk/identity-service/internal/service/identity_service.go:93.2,93.20 1 7
github.com/watup-lk/identity-service/internal/service/identity_service.go:93.20,96.3 2 1
github.com/watup-lk/identity-service/internal/service/identity_service.go:98.2,98.99 1 6
github.com/watup-lk/identity-service/internal/service/identity_service.go:98.99,101.3 2 1
github.com/watup-lk/identity-service/internal/service/identity_service.go:103.2,104.16 2 5
github.com/watup-lk/identity-service/internal/service/identity_service.go:104.16,106.3 1 0
github.com/watup-lk/identity-service/internal/service/identity_service.go:108.2,111.18 3 5
github.com/watup-lk/identity-service/internal/service/identity_service.go:115.110,119.16 3 4
github.com/watup-lk/identity-service/internal/service/identity_service.go:119.16,121.3 1 0
github.com/watup-lk/identity-service/internal/service/identity_service.go:122.2,122.58 1 4
github.com/watup-lk/identity-service/internal/service/identity_service.go:122.58,124.3 1 2
github.com/watup-lk/identity-service/internal/service/identity_service.go:127.2,127.66 1 2
github.com/watup-lk/identity-service/internal/service/identity_service.go:127.66,129.3 1 0
github.com/watup-lk/identity-service/internal/service/identity_service.go:131.2,132.16 2 2
github.com/watup-lk/identity-service/internal/service/identity_service.go:132.16,134.3 1 0
github.com/watup-lk/identity-service/internal/service/identity_service.go:136.2,139.18 3 2
github.com/watup-lk/identity-service/internal/service/identity_service.go:143.95,148.66 3 1
github.com/watup-lk/identity-service/internal/service/identity_service.go:148.66,150.3 1 0
github.com/watup-lk/identity-service/internal/service/identity_service.go:152.2,152.19 1 1
github.com/watup-lk/identity-service/internal/service/identity_service.go:152.19,155.3 2 1
github.com/watup-lk/identity-service/internal/service/identity_service.go:157.2,157.12 1 1
github.com/watup-lk/identity-service/internal/service/identity_service.go:161.102,163.97 2 3
github.com/watup-lk/identity-service/internal/service/identity_service.go:163.97,164.54 1 2
github.com/watup-lk/identity-service/internal/service/identity_service.go:164.54,166.4 1 0
github.com/watup-lk/identity-service/internal/service/identity_service.go:167.3,167.38 1 2
github.com/watup-lk/identity-service/internal/service/identity_service.go:169.2,169.32 1 3
github.com/watup-lk/identity-service/internal/service/identity_service.go:169.32,171.3 1 2
github.com/watup-lk/identity-service/internal/service/identity_service.go:172.2,172.27 1 1
github.com/watup-lk/identity-service/internal/service/identity_service.go:176.101,178.2 1 0
github.com/watup-lk/identity-service/internal/service/identity_service.go:181.101,197.16 4 7
github.com/watup-lk/identity-service/internal/service/identity_service.go:197.16,199.3 1 0
github.com/watup-lk/identity-service/internal/service/identity_service.go:202.2,211.16 3 7
github.com/watup-lk/identity-service/internal/service/identity_service.go:211.16,213.3 1 0
github.com/watup-lk/identity-service/internal/service/identity_service.go:215.2,219.8 1 7
github.com/watup-lk/identity-service/internal/service/identity_service.go:223.37,226.2 2 12
github.com/watup-lk/identity-service/internal/service/identity_service.go:229.94,232.90 3 20
github.com/watup-lk/identity-service/internal/service/identity_service.go:232.90,234.3 1 0
